<?xml version="1.0" encoding="UTF-8"?>
<!-- Generated by org.testng.reporters.JUnitReportReporter -->
<testsuite hostname="NOORAZ" failures="0" tests="4" name="test.LoginPageTest" time="75.772" errors="0" timestamp="2024-07-03T15:06:34 IST" skipped="0">
  <testcase classname="test.LoginPageTest" name="verifyErrorMsgWhileLoginWithInvalidCredentials" time="21.019"/>
  <testcase classname="test.LoginPageTest" name="verifyErrorMsgWhileLoginWithInvalidCredentials" time="18.381"/>
  <testcase classname="test.LoginPageTest" name="verifyErrorMsgWhileLoginWithInvalidCredentials" time="17.642"/>
  <testcase classname="test.LoginPageTest" name="verifyLoginWithValidCredentials" time="18.730"/>
</testsuite> <!-- test.LoginPageTest -->
