<?xml version="1.0" encoding="UTF-8"?>
<!-- Generated by org.testng.reporters.JUnitReportReporter -->
<testsuite hostname="NOORAZ" failures="0" tests="3" name="test.UsersPageTest" time="54.849" errors="0" timestamp="2024-07-03T21:23:18 IST" skipped="0">
  <testcase classname="test.UsersPageTest" name="verifyEditFunctionality" time="21.525"/>
  <testcase classname="test.UsersPageTest" name="verifyDeleteFunctionality" time="16.116"/>
  <testcase classname="test.UsersPageTest" name="verifyViewFunctionality" time="17.208"/>
</testsuite> <!-- test.UsersPageTest -->
