<?xml version="1.0" encoding="UTF-8"?>
<!-- Generated by org.testng.reporters.JUnitReportReporter -->
<testsuite hostname="NOORAZ" failures="0" tests="3" name="test.UserManagementPageTest" time="63.062" errors="0" timestamp="2024-07-02T14:35:27 IST" skipped="0">
  <testcase classname="test.UserManagementPageTest" name="verifySalesCommissionAgentsTabIsEnabled" time="24.638"/>
  <testcase classname="test.UserManagementPageTest" name="verifyRoleTabIsEnabled" time="19.134"/>
  <testcase classname="test.UserManagementPageTest" name="verifyUsersTabIsEnabled" time="19.290"/>
</testsuite> <!-- test.UserManagementPageTest -->
