<?xml version="1.0" encoding="UTF-8"?>
<!-- Generated by org.testng.reporters.JUnitReportReporter -->
<testsuite hostname="NOORAZ" failures="0" tests="3" name="test.UsersPageTest" time="120.314" errors="0" timestamp="2024-06-27T11:57:29 IST" skipped="0">
  <testcase classname="test.UsersPageTest" name="verifyViewFunctionality" time="26.587"/>
  <testcase classname="test.UsersPageTest" name="verifyEditFunctionality" time="47.078"/>
  <testcase classname="test.UsersPageTest" name="verifyDeleteFunctionality" time="46.649"/>
</testsuite> <!-- test.UsersPageTest -->
