<?xml version="1.0" encoding="UTF-8"?>
<!-- Generated by org.testng.reporters.JUnitReportReporter -->
<testsuite hostname="NOORAZ" failures="0" tests="3" name="test.ResetPageTest" time="54.338" errors="0" timestamp="2024-06-27T12:46:40 IST" skipped="0">
  <testcase classname="test.ResetPageTest" name="verifyPasswordResetwithValidEmailId" time="16.471"/>
  <testcase classname="test.ResetPageTest" name="verifyResetPageTitle" time="21.292"/>
  <testcase classname="test.ResetPageTest" name="verifyErrorMessageWithInvalidEmailId" time="16.575"/>
</testsuite> <!-- test.ResetPageTest -->
