<?xml version="1.0" encoding="UTF-8"?>
<!-- Generated by org.testng.reporters.JUnitReportReporter -->
<testsuite hostname="NOORAZ" failures="0" tests="4" name="test.LoginPageTest" time="66.822" errors="0" timestamp="2024-06-28T11:06:42 IST" skipped="0">
  <testcase classname="test.LoginPageTest" name="verifyLoginWithValidCredentials" time="18.611"/>
  <testcase classname="test.LoginPageTest" name="verifyErrorMsgWhileLoginWithInvalidCredentials" time="12.594"/>
  <testcase classname="test.LoginPageTest" name="verifyErrorMsgWhileLoginWithInvalidCredentials" time="12.867"/>
  <testcase classname="test.LoginPageTest" name="verifyErrorMsgWhileLoginWithInvalidCredentials" time="22.750"/>
</testsuite> <!-- test.LoginPageTest -->
