<?xml version="1.0" encoding="UTF-8"?>
<!-- Generated by org.testng.reporters.JUnitReportReporter -->
<testsuite hostname="NOORAZ" failures="0" tests="1" name="test.ProfilePageTest" time="29.241" errors="0" timestamp="2024-07-02T14:11:06 IST" skipped="0">
  <testcase classname="test.ProfilePageTest" name="verifyProfileUpdate" time="29.241"/>
</testsuite> <!-- test.ProfilePageTest -->
