<?xml version="1.0" encoding="UTF-8"?>
<!-- Generated by org.testng.reporters.JUnitReportReporter -->
<testsuite hostname="NOORAZ" failures="0" tests="2" name="test.AddUserPageTest" time="49.261" errors="0" timestamp="2024-07-02T14:35:27 IST" skipped="0">
  <testcase classname="test.AddUserPageTest" name="verifyUserLoginWithNewlyaddeduser" time="25.523"/>
  <testcase classname="test.AddUserPageTest" name="verifyAddUser" time="23.738"/>
</testsuite> <!-- test.AddUserPageTest -->
