<?xml version="1.0" encoding="UTF-8"?>
<!-- Generated by org.testng.reporters.JUnitReportReporter -->
<testsuite hostname="NOORAZ" failures="0" tests="3" name="test.UserManagementPageTest" time="59.416" errors="0" timestamp="2024-07-03T15:06:34 IST" skipped="0">
  <testcase classname="test.UserManagementPageTest" name="verifyRoleTabIsEnabled" time="24.265"/>
  <testcase classname="test.UserManagementPageTest" name="verifySalesCommissionAgentsTabIsEnabled" time="15.866"/>
  <testcase classname="test.UserManagementPageTest" name="verifyUsersTabIsEnabled" time="19.285"/>
</testsuite> <!-- test.UserManagementPageTest -->
