<?xml version="1.0" encoding="UTF-8"?>
<!-- Generated by org.testng.reporters.JUnitReportReporter -->
<testsuite hostname="NOORAZ" failures="0" tests="3" name="test.ResetPageTest" time="40.917" errors="0" timestamp="2024-07-03T21:23:18 IST" skipped="0">
  <testcase classname="test.ResetPageTest" name="verifyErrorMessageWithInvalidEmailId" time="13.012"/>
  <testcase classname="test.ResetPageTest" name="verifyPasswordResetwithValidEmailId" time="16.201"/>
  <testcase classname="test.ResetPageTest" name="verifyResetPageTitle" time="11.704"/>
</testsuite> <!-- test.ResetPageTest -->
