<?xml version="1.0" encoding="UTF-8"?>
<!-- Generated by org.testng.reporters.JUnitReportReporter -->
<testsuite hostname="NOORAZ" failures="0" tests="1" name="test.HomePageTest" time="12.140" errors="0" timestamp="2024-07-03T21:23:18 IST" skipped="0">
  <testcase classname="test.HomePageTest" name="verifyUserLoginDate" time="12.140"/>
</testsuite> <!-- test.HomePageTest -->
