<?xml version="1.0" encoding="UTF-8"?>
<!-- Generated by org.testng.reporters.JUnitReportReporter -->
<testsuite hostname="NOORAZ" failures="0" tests="2" name="test.AddUserPageTest" time="45.469" errors="0" timestamp="2024-07-02T21:41:07 IST" skipped="0">
  <testcase classname="test.AddUserPageTest" name="verifyUserLoginWithNewlyaddeduser" time="24.187"/>
  <testcase classname="test.AddUserPageTest" name="verifyAddUser" time="21.282"/>
</testsuite> <!-- test.AddUserPageTest -->
