<?xml version="1.0" encoding="UTF-8"?>
<!-- Generated by org.testng.reporters.JUnitReportReporter -->
<testsuite hostname="NOORAZ" failures="0" tests="3" name="test.UserManagementPageTest" time="46.366" errors="0" timestamp="2024-07-03T21:23:18 IST" skipped="0">
  <testcase classname="test.UserManagementPageTest" name="verifyRoleTabIsEnabled" time="17.744"/>
  <testcase classname="test.UserManagementPageTest" name="verifyUsersTabIsEnabled" time="13.864"/>
  <testcase classname="test.UserManagementPageTest" name="verifySalesCommissionAgentsTabIsEnabled" time="14.758"/>
</testsuite> <!-- test.UserManagementPageTest -->
