<?xml version="1.0" encoding="UTF-8"?>
<!-- Generated by org.testng.reporters.JUnitReportReporter -->
<testsuite hostname="NOORAZ" failures="0" tests="3" name="test.UsersPageTest" time="58.327" errors="0" timestamp="2024-07-02T21:41:07 IST" skipped="0">
  <testcase classname="test.UsersPageTest" name="verifyDeleteFunctionality" time="21.730"/>
  <testcase classname="test.UsersPageTest" name="verifyEditFunctionality" time="20.000"/>
  <testcase classname="test.UsersPageTest" name="verifyViewFunctionality" time="16.597"/>
</testsuite> <!-- test.UsersPageTest -->
