<?xml version="1.0" encoding="UTF-8"?>
<!-- Generated by org.testng.reporters.JUnitReportReporter -->
<testsuite hostname="NOORAZ" failures="0" tests="3" name="test.ResetPageTest" time="59.614" errors="0" timestamp="2024-07-03T15:06:34 IST" skipped="0">
  <testcase classname="test.ResetPageTest" name="verifyErrorMessageWithInvalidEmailId" time="19.501"/>
  <testcase classname="test.ResetPageTest" name="verifyPasswordResetwithValidEmailId" time="22.932"/>
  <testcase classname="test.ResetPageTest" name="verifyResetPageTitle" time="17.181"/>
</testsuite> <!-- test.ResetPageTest -->
