<?xml version="1.0" encoding="UTF-8"?>
<!-- Generated by org.testng.reporters.JUnitReportReporter -->
<testsuite hostname="NOORAZ" failures="0" tests="2" name="test.AddUserPageTest" time="62.151" errors="0" timestamp="2024-07-03T15:06:34 IST" skipped="0">
  <testcase classname="test.AddUserPageTest" name="verifyAddUser" time="31.080"/>
  <testcase classname="test.AddUserPageTest" name="verifyUserLoginWithNewlyaddeduser" time="31.071"/>
</testsuite> <!-- test.AddUserPageTest -->
