<?xml version="1.0" encoding="UTF-8"?>
<!-- Generated by org.testng.reporters.JUnitReportReporter -->
<testsuite hostname="NOORAZ" failures="0" tests="3" name="test.UserManagementPageTest" time="69.384" errors="0" timestamp="2024-06-27T11:57:29 IST" skipped="0">
  <testcase classname="test.UserManagementPageTest" name="verifyUsersTabIsEnabled" time="21.220"/>
  <testcase classname="test.UserManagementPageTest" name="verifySalesCommissionAgentsTabIsEnabled" time="22.490"/>
  <testcase classname="test.UserManagementPageTest" name="verifyRoleTabIsEnabled" time="25.674"/>
</testsuite> <!-- test.UserManagementPageTest -->
