<?xml version="1.0" encoding="UTF-8"?>
<!-- Generated by org.testng.reporters.JUnitReportReporter -->
<testsuite hostname="NOORAZ" failures="0" tests="3" name="test.ResetPageTest" time="26.651" errors="0" timestamp="2024-07-02T21:41:07 IST" skipped="0">
  <testcase classname="test.ResetPageTest" name="verifyPasswordResetwithValidEmailId" time="12.613"/>
  <testcase classname="test.ResetPageTest" name="verifyErrorMessageWithInvalidEmailId" time="8.997"/>
  <testcase classname="test.ResetPageTest" name="verifyResetPageTitle" time="5.041"/>
</testsuite> <!-- test.ResetPageTest -->
