<?xml version="1.0" encoding="UTF-8"?>
<!-- Generated by org.testng.reporters.JUnitReportReporter -->
<testsuite hostname="NOORAZ" failures="0" tests="4" name="test.LoginPageTest" time="43.096" errors="0" timestamp="2024-07-02T21:41:07 IST" skipped="0">
  <testcase classname="test.LoginPageTest" name="verifyLoginWithValidCredentials" time="13.463"/>
  <testcase classname="test.LoginPageTest" name="verifyErrorMsgWhileLoginWithInvalidCredentials" time="9.784"/>
  <testcase classname="test.LoginPageTest" name="verifyErrorMsgWhileLoginWithInvalidCredentials" time="7.435"/>
  <testcase classname="test.LoginPageTest" name="verifyErrorMsgWhileLoginWithInvalidCredentials" time="12.414"/>
</testsuite> <!-- test.LoginPageTest -->
