<?xml version="1.0" encoding="UTF-8"?>
<!-- Generated by org.testng.reporters.JUnitReportReporter -->
<testsuite hostname="NOORAZ" failures="0" tests="3" name="test.UsersPageTest" time="62.390" errors="0" timestamp="2024-07-02T14:35:27 IST" skipped="0">
  <testcase classname="test.UsersPageTest" name="verifyEditFunctionality" time="22.546"/>
  <testcase classname="test.UsersPageTest" name="verifyDeleteFunctionality" time="23.143"/>
  <testcase classname="test.UsersPageTest" name="verifyViewFunctionality" time="16.701"/>
</testsuite> <!-- test.UsersPageTest -->
