<?xml version="1.0" encoding="UTF-8"?>
<!-- Generated by org.testng.reporters.JUnitReportReporter -->
<testsuite hostname="NOORAZ" failures="0" tests="1" name="test.HomePageTest" time="22.933" errors="0" timestamp="2024-07-03T15:06:34 IST" skipped="0">
  <testcase classname="test.HomePageTest" name="verifyUserLoginDate" time="22.933"/>
</testsuite> <!-- test.HomePageTest -->
