<?xml version="1.0" encoding="UTF-8"?>
<!-- Generated by org.testng.reporters.JUnitReportReporter -->
<testsuite hostname="NOORAZ" failures="0" tests="1" name="test.ProfilePageTest" time="22.165" errors="0" timestamp="2024-06-27T12:46:40 IST" skipped="0">
  <testcase classname="test.ProfilePageTest" name="verifyProfileUpdate" time="22.165"/>
</testsuite> <!-- test.ProfilePageTest -->
