<?xml version="1.0" encoding="UTF-8"?>
<!-- Generated by org.testng.reporters.JUnitReportReporter -->
<testsuite hostname="NOORAZ" failures="0" tests="2" name="test.AddUserPageTest" time="42.338" errors="0" timestamp="2024-07-03T21:23:18 IST" skipped="0">
  <testcase classname="test.AddUserPageTest" name="verifyUserLoginWithNewlyaddeduser" time="22.040"/>
  <testcase classname="test.AddUserPageTest" name="verifyAddUser" time="20.298"/>
</testsuite> <!-- test.AddUserPageTest -->
