<?xml version="1.0" encoding="UTF-8"?>
<!-- Generated by org.testng.reporters.JUnitReportReporter -->
<testsuite hostname="NOORAZ" failures="0" tests="4" name="test.LoginPageTest" time="53.935" errors="0" timestamp="2024-07-02T13:59:17 IST" skipped="0">
  <testcase classname="test.LoginPageTest" name="verifyErrorMsgWhileLoginWithInvalidCredentials" time="11.690"/>
  <testcase classname="test.LoginPageTest" name="verifyErrorMsgWhileLoginWithInvalidCredentials" time="10.393"/>
  <testcase classname="test.LoginPageTest" name="verifyLoginWithValidCredentials" time="15.728"/>
  <testcase classname="test.LoginPageTest" name="verifyErrorMsgWhileLoginWithInvalidCredentials" time="16.124"/>
</testsuite> <!-- test.LoginPageTest -->
