<?xml version="1.0" encoding="UTF-8"?>
<!-- Generated by org.testng.reporters.JUnitReportReporter -->
<testsuite hostname="NOORAZ" failures="0" tests="3" name="test.UsersPageTest" time="86.338" errors="0" timestamp="2024-07-03T15:06:34 IST" skipped="0">
  <testcase classname="test.UsersPageTest" name="verifyEditFunctionality" time="27.850"/>
  <testcase classname="test.UsersPageTest" name="verifyDeleteFunctionality" time="28.423"/>
  <testcase classname="test.UsersPageTest" name="verifyViewFunctionality" time="30.065"/>
</testsuite> <!-- test.UsersPageTest -->
