<?xml version="1.0" encoding="UTF-8"?>
<!-- Generated by org.testng.reporters.JUnitReportReporter -->
<testsuite hostname="NOORAZ" failures="0" tests="3" name="test.ResetPageTest" time="61.262" errors="0" timestamp="2024-07-02T14:35:27 IST" skipped="0">
  <testcase classname="test.ResetPageTest" name="verifyErrorMessageWithInvalidEmailId" time="21.154"/>
  <testcase classname="test.ResetPageTest" name="verifyPasswordResetwithValidEmailId" time="19.248"/>
  <testcase classname="test.ResetPageTest" name="verifyResetPageTitle" time="20.860"/>
</testsuite> <!-- test.ResetPageTest -->
