<?xml version="1.0" encoding="UTF-8"?>
<!-- Generated by org.testng.reporters.JUnitReportReporter -->
<testsuite hostname="NOORAZ" failures="0" tests="4" name="test.LoginPageTest" time="44.600" errors="0" timestamp="2024-07-03T21:23:18 IST" skipped="0">
  <testcase classname="test.LoginPageTest" name="verifyErrorMsgWhileLoginWithInvalidCredentials" time="11.268"/>
  <testcase classname="test.LoginPageTest" name="verifyErrorMsgWhileLoginWithInvalidCredentials" time="10.008"/>
  <testcase classname="test.LoginPageTest" name="verifyLoginWithValidCredentials" time="13.413"/>
  <testcase classname="test.LoginPageTest" name="verifyErrorMsgWhileLoginWithInvalidCredentials" time="9.911"/>
</testsuite> <!-- test.LoginPageTest -->
