<?xml version="1.0" encoding="UTF-8"?>
<!-- Generated by org.testng.reporters.JUnitReportReporter -->
<testsuite hostname="NOORAZ" failures="0" tests="4" name="test.LoginPageTest" time="98.243" errors="0" timestamp="2024-06-27T12:55:20 IST" skipped="0">
  <testcase classname="test.LoginPageTest" name="verifyLoginWithValidCredentials" time="26.835"/>
  <testcase classname="test.LoginPageTest" name="verifyErrorMsgWhileLoginWithInvalidCredentials" time="25.195"/>
  <testcase classname="test.LoginPageTest" name="verifyErrorMsgWhileLoginWithInvalidCredentials" time="24.410"/>
  <testcase classname="test.LoginPageTest" name="verifyErrorMsgWhileLoginWithInvalidCredentials" time="21.803"/>
</testsuite> <!-- test.LoginPageTest -->
