<?xml version="1.0" encoding="UTF-8"?>
<!-- Generated by org.testng.reporters.JUnitReportReporter -->
<testsuite hostname="NOORAZ" failures="0" tests="3" name="test.UserManagementPageTest" time="45.235" errors="0" timestamp="2024-07-02T21:41:07 IST" skipped="0">
  <testcase classname="test.UserManagementPageTest" name="verifyUsersTabIsEnabled" time="14.127"/>
  <testcase classname="test.UserManagementPageTest" name="verifyRoleTabIsEnabled" time="15.944"/>
  <testcase classname="test.UserManagementPageTest" name="verifySalesCommissionAgentsTabIsEnabled" time="15.164"/>
</testsuite> <!-- test.UserManagementPageTest -->
