<?xml version="1.0" encoding="UTF-8"?>
<!-- Generated by org.testng.reporters.JUnitReportReporter -->
<testsuite hostname="NOORAZ" failures="0" tests="1" name="test.ProfilePageTest" time="22.384" errors="0" timestamp="2024-07-03T15:06:34 IST" skipped="0">
  <testcase classname="test.ProfilePageTest" name="verifyProfileUpdate" time="22.384"/>
</testsuite> <!-- test.ProfilePageTest -->
