<?xml version="1.0" encoding="UTF-8"?>
<!-- Generated by org.testng.reporters.JUnitReportReporter -->
<testsuite hostname="NOORAZ" failures="0" tests="1" name="test.HomePageTest" time="13.894" errors="0" timestamp="2024-07-02T21:41:07 IST" skipped="0">
  <testcase classname="test.HomePageTest" name="verifyUserLoginDate" time="13.894"/>
</testsuite> <!-- test.HomePageTest -->
